<?xml version="1.0" encoding="UTF-8"?>
<!-- Generated by org.testng.reporters.JUnitReportReporter -->
<testsuite hostname="Maverick" failures="0" tests="2" name="ecom.framework.tests.E2ETest" time="33.593" errors="0" timestamp="2024-03-02T21:35:38 IST" skipped="0">
  <testcase classname="ecom.framework.tests.E2ETest" name="submitOrderTest" time="16.664"/>
  <testcase classname="ecom.framework.tests.E2ETest" name="submitOrderTest" time="16.929"/>
</testsuite> <!-- ecom.framework.tests.E2ETest -->
